  Scene.cpp
  Source.cpp
c:\users\user\desktop\b10615028_reversi_ver1\project9\reversi.h(31): warning C4305: '正在初始化': 從 'int' 轉換為 'char'，是由較大的類型轉換為較小的類型，可能導致資料遺失
c:\users\user\desktop\b10615028_reversi_ver1\project9\reversi.h(31): warning C4309: '正在初始化': 轉換導致常數值遭截斷; 可能需要使用較大的類型
c:\users\user\desktop\b10615028_reversi_ver1\project9\reversi.h(32): warning C4305: '正在初始化': 從 'int' 轉換為 'char'，是由較大的類型轉換為較小的類型，可能導致資料遺失
c:\users\user\desktop\b10615028_reversi_ver1\project9\reversi.h(32): warning C4309: '正在初始化': 轉換導致常數值遭截斷; 可能需要使用較大的類型
c:\users\user\desktop\b10615028_reversi_ver1\project9\reversi.h(98): warning C4018: '<': signed/unsigned 不相符
c:\users\user\desktop\b10615028_reversi_ver1\project9\reversi.h(120): warning C4018: '<': signed/unsigned 不相符
c:\users\user\desktop\b10615028_reversi_ver1\project9\reversi.h(142): warning C4018: '<': signed/unsigned 不相符
c:\users\user\desktop\b10615028_reversi_ver1\project9\reversi.h(164): warning C4018: '<': signed/unsigned 不相符
c:\users\user\desktop\b10615028_reversi_ver1\project9\reversi.h(186): warning C4018: '<': signed/unsigned 不相符
c:\users\user\desktop\b10615028_reversi_ver1\project9\reversi.h(209): warning C4018: '<': signed/unsigned 不相符
c:\users\user\desktop\b10615028_reversi_ver1\project9\reversi.h(232): warning C4018: '<': signed/unsigned 不相符
c:\users\user\desktop\b10615028_reversi_ver1\project9\reversi.h(255): warning C4018: '<': signed/unsigned 不相符
c:\users\user\desktop\b10615028_reversi_ver1\project9\source.cpp(467): warning C4018: '<': signed/unsigned 不相符
c:\users\user\desktop\b10615028_reversi_ver1\project9\source.cpp(493): warning C4018: '<': signed/unsigned 不相符
c:\users\user\desktop\b10615028_reversi_ver1\project9\source.cpp(530): warning C4018: '<': signed/unsigned 不相符
  reversi.cpp
c:\users\user\desktop\b10615028_reversi_ver1\project9\reversi.h(31): warning C4305: '正在初始化': 從 'int' 轉換為 'char'，是由較大的類型轉換為較小的類型，可能導致資料遺失
c:\users\user\desktop\b10615028_reversi_ver1\project9\reversi.h(31): warning C4309: '正在初始化': 轉換導致常數值遭截斷; 可能需要使用較大的類型
c:\users\user\desktop\b10615028_reversi_ver1\project9\reversi.h(32): warning C4305: '正在初始化': 從 'int' 轉換為 'char'，是由較大的類型轉換為較小的類型，可能導致資料遺失
c:\users\user\desktop\b10615028_reversi_ver1\project9\reversi.h(32): warning C4309: '正在初始化': 轉換導致常數值遭截斷; 可能需要使用較大的類型
c:\users\user\desktop\b10615028_reversi_ver1\project9\reversi.h(98): warning C4018: '<': signed/unsigned 不相符
c:\users\user\desktop\b10615028_reversi_ver1\project9\reversi.h(120): warning C4018: '<': signed/unsigned 不相符
c:\users\user\desktop\b10615028_reversi_ver1\project9\reversi.h(142): warning C4018: '<': signed/unsigned 不相符
c:\users\user\desktop\b10615028_reversi_ver1\project9\reversi.h(164): warning C4018: '<': signed/unsigned 不相符
c:\users\user\desktop\b10615028_reversi_ver1\project9\reversi.h(186): warning C4018: '<': signed/unsigned 不相符
c:\users\user\desktop\b10615028_reversi_ver1\project9\reversi.h(209): warning C4018: '<': signed/unsigned 不相符
c:\users\user\desktop\b10615028_reversi_ver1\project9\reversi.h(232): warning C4018: '<': signed/unsigned 不相符
c:\users\user\desktop\b10615028_reversi_ver1\project9\reversi.h(255): warning C4018: '<': signed/unsigned 不相符
  正在產生程式碼
  175 of 175 functions (100.0%) were compiled.
    10 functions were new in current compilation
    0 functions had inline decision re-evaluated but remain unchanged
  已完成程式碼產生
  Project9.vcxproj -> C:\Users\user\Desktop\B10615028_Reversi_ver1\Release\Project9.exe
