  reversi.cpp
c:\users\user\desktop\project9\project9\reversi.h(31): warning C4305: '正在初始化': 從 'int' 轉換為 'char'，是由較大的類型轉換為較小的類型，可能導致資料遺失
c:\users\user\desktop\project9\project9\reversi.h(31): warning C4309: '正在初始化': 轉換導致常數值遭截斷; 可能需要使用較大的類型
c:\users\user\desktop\project9\project9\reversi.h(32): warning C4305: '正在初始化': 從 'int' 轉換為 'char'，是由較大的類型轉換為較小的類型，可能導致資料遺失
c:\users\user\desktop\project9\project9\reversi.h(32): warning C4309: '正在初始化': 轉換導致常數值遭截斷; 可能需要使用較大的類型
c:\users\user\desktop\project9\project9\reversi.h(98): warning C4018: '<': signed/unsigned 不相符
c:\users\user\desktop\project9\project9\reversi.h(120): warning C4018: '<': signed/unsigned 不相符
c:\users\user\desktop\project9\project9\reversi.h(142): warning C4018: '<': signed/unsigned 不相符
c:\users\user\desktop\project9\project9\reversi.h(164): warning C4018: '<': signed/unsigned 不相符
c:\users\user\desktop\project9\project9\reversi.h(186): warning C4018: '<': signed/unsigned 不相符
c:\users\user\desktop\project9\project9\reversi.h(209): warning C4018: '<': signed/unsigned 不相符
c:\users\user\desktop\project9\project9\reversi.h(232): warning C4018: '<': signed/unsigned 不相符
c:\users\user\desktop\project9\project9\reversi.h(255): warning C4018: '<': signed/unsigned 不相符
  Scene.cpp
  Source.cpp
c:\users\user\desktop\project9\project9\reversi.h(31): warning C4305: '正在初始化': 從 'int' 轉換為 'char'，是由較大的類型轉換為較小的類型，可能導致資料遺失
c:\users\user\desktop\project9\project9\reversi.h(31): warning C4309: '正在初始化': 轉換導致常數值遭截斷; 可能需要使用較大的類型
c:\users\user\desktop\project9\project9\reversi.h(32): warning C4305: '正在初始化': 從 'int' 轉換為 'char'，是由較大的類型轉換為較小的類型，可能導致資料遺失
c:\users\user\desktop\project9\project9\reversi.h(32): warning C4309: '正在初始化': 轉換導致常數值遭截斷; 可能需要使用較大的類型
c:\users\user\desktop\project9\project9\reversi.h(98): warning C4018: '<': signed/unsigned 不相符
c:\users\user\desktop\project9\project9\reversi.h(120): warning C4018: '<': signed/unsigned 不相符
c:\users\user\desktop\project9\project9\reversi.h(142): warning C4018: '<': signed/unsigned 不相符
c:\users\user\desktop\project9\project9\reversi.h(164): warning C4018: '<': signed/unsigned 不相符
c:\users\user\desktop\project9\project9\reversi.h(186): warning C4018: '<': signed/unsigned 不相符
c:\users\user\desktop\project9\project9\reversi.h(209): warning C4018: '<': signed/unsigned 不相符
c:\users\user\desktop\project9\project9\reversi.h(232): warning C4018: '<': signed/unsigned 不相符
c:\users\user\desktop\project9\project9\reversi.h(255): warning C4018: '<': signed/unsigned 不相符
c:\users\user\desktop\project9\project9\source.cpp(467): warning C4018: '<': signed/unsigned 不相符
c:\users\user\desktop\project9\project9\source.cpp(493): warning C4018: '<': signed/unsigned 不相符
c:\users\user\desktop\project9\project9\source.cpp(530): warning C4018: '<': signed/unsigned 不相符
  正在產生程式碼...
  Project9.vcxproj -> C:\Users\user\Desktop\Project9\Debug\Project9.exe
